<html>
<head>
<title>TestNG:  verifyFacebook</title>
<link href="../testng.css" rel="stylesheet" type="text/css" />
<link href="../my-testng.css" rel="stylesheet" type="text/css" />

<style type="text/css">
.log { display: none;} 
.stack-trace { display: none;} 
</style>
<script type="text/javascript">
<!--
function flip(e) {
  current = e.style.display;
  if (current == 'block') {
    e.style.display = 'none';
    return 0;
  }
  else {
    e.style.display = 'block';
    return 1;
  }
}

function toggleBox(szDivId, elem, msg1, msg2)
{
  var res = -1;  if (document.getElementById) {
    res = flip(document.getElementById(szDivId));
  }
  else if (document.all) {
    // this is the way old msie versions work
    res = flip(document.all[szDivId]);
  }
  if(elem) {
    if(res == 0) elem.innerHTML = msg1; else elem.innerHTML = msg2;
  }

}

function toggleAllBoxes() {
  if (document.getElementsByTagName) {
    d = document.getElementsByTagName('div');
    for (i = 0; i < d.length; i++) {
      if (d[i].className == 'log') {
        flip(d[i]);
      }
    }
  }
}

// -->
</script>

</head>
<body>
<h2 align='center'>verifyFacebook</h2><table border='1' align="center">
<tr>
<td>Tests passed/Failed/Skipped:</td><td>0/1/0</td>
</tr><tr>
<td>Started on:</td><td>Sun Mar 18 18:12:36 EDT 2018</td>
</tr>
<tr><td>Total time:</td><td>16 seconds (16883 ms)</td>
</tr><tr>
<td>Included groups:</td><td></td>
</tr><tr>
<td>Excluded groups:</td><td></td>
</tr>
</table><p/>
<small><i>(Hover the method name to see the test class name)</i></small><p/>
<table width='100%' border='1' class='invocation-failed'>
<tr><td colspan='4' align='center'><b>FAILED TESTS</b></td></tr>
<tr><td><b>Test method</b></td>
<td width="30%"><b>Exception</b></td>
<td width="10%"><b>Time (seconds)</b></td>
<td><b>Instance</b></td>
</tr>
<tr>
<td title='com.amtrak.Amtrak.addtoCart.VerifyFacebookTC001.verifyfacebooklink()'><b>verifyfacebooklink</b><br>Test class: com.amtrak.Amtrak.addtoCart.VerifyFacebookTC001<br/>
<a href="#Output-1640332679" onClick='toggleBox("Output-1640332679", this, "Show output", "Hide output");'>Show output</a>

<a href="#Output-1640332679" onClick="toggleAllBoxes();">Show all outputs</a>
<div class='log' id="Output-1640332679">
Trying to find element by:By.xpath: .//*[@id='twotabsearchtextbox']<br/>
Found element by:By.xpath: .//*[@id='twotabsearchtextbox']<br/>
Trying to find element by:By.xpath: .//*[@id='nav-search']/form/div[2]/div/input<br/>
Found element by:By.xpath: .//*[@id='nav-search']/form/div[2]/div/input<br/>
trying to click on:[[ChromeDriver: chrome on XP (25dd29769a1434bce215fd9e9e258388)] -> xpath: .//*[@id='nav-search']/form/div[2]/div/input]<br/>
clicked on[[ChromeDriver: chrome on XP (25dd29769a1434bce215fd9e9e258388)] -> xpath: .//*[@id='nav-search']/form/div[2]/div/input]<br/>
Trying to find element by:By.xpath: .//*[@id='result_0']/div/div[3]/div[1]/a/h2<br/>
Found element by:By.xpath: .//*[@id='result_0']/div/div[3]/div[1]/a/h2<br/>
trying to click on:[[ChromeDriver: chrome on XP (25dd29769a1434bce215fd9e9e258388)] -> xpath: .//*[@id='result_0']/div/div[3]/div[1]/a/h2]<br/>
clicked on[[ChromeDriver: chrome on XP (25dd29769a1434bce215fd9e9e258388)] -> xpath: .//*[@id='result_0']/div/div[3]/div[1]/a/h2]<br/>
Trying to find element by:By.xpath: .//*[@id='facebook']/i<br/>
Found element by:By.xpath: .//*[@id='facebook']/i<br/>
trying to click on:[[ChromeDriver: chrome on XP (25dd29769a1434bce215fd9e9e258388)] -> xpath: .//*[@id='facebook']/i]<br/>
clicked on[[ChromeDriver: chrome on XP (25dd29769a1434bce215fd9e9e258388)] -> xpath: .//*[@id='facebook']/i]<br/>
Trying to find element by:By.xpath: .//*[@id='facebook']/i<br/>
Found element by:By.xpath: .//*[@id='facebook']/i<br/>
Trying to find element by:By.xpath: //a[contains(text(),'Forgot account')]123<br/>
exception occured:org.openqa.selenium.InvalidSelectorException: invalid selector: Unable to locate an element with the xpath expression //a[contains(text(),'Forgot account')]123 because of the following error:
SyntaxError: Failed to execute 'evaluate' on 'Document': The string '//a[contains(text(),'Forgot account')]123' is not a valid XPath expression.
  (Session info: chrome=64.0.3282.186)
  (Driver info: chromedriver=2.35.528161 (5b82f2d2aae0ca24b877009200ced9065a772e73),platform=Windows NT 10.0.16299 x86_64) (WARNING: The server did not provide any stacktrace information)
Command duration or timeout: 0 milliseconds
For documentation on this error, please visit: http://seleniumhq.org/exceptions/invalid_selector_exception.html
Build info: version: '3.5.1', revision: '9c21bb67ef', time: '2017-08-17T15:26:08.955Z'
System info: host: 'DESKTOP-E4GP2AI', ip: '192.168.1.10', os.name: 'Windows 10', os.arch: 'amd64', os.version: '10.0', java.version: '1.8.0_151'
Driver info: org.openqa.selenium.chrome.ChromeDriver
Capabilities [{mobileEmulationEnabled=false, hasTouchScreen=false, platform=XP, acceptSslCerts=false, acceptInsecureCerts=false, webStorageEnabled=true, browserName=chrome, takesScreenshot=true, javascriptEnabled=true, setWindowRect=true, unexpectedAlertBehaviour=, applicationCacheEnabled=false, rotatable=false, networkConnectionEnabled=false, chrome={chromedriverVersion=2.35.528161 (5b82f2d2aae0ca24b877009200ced9065a772e73), userDataDir=C:\Users\galif\AppData\Local\Temp\scoped_dir35764_3163}, takesHeapSnapshot=true, pageLoadStrategy=normal, unhandledPromptBehavior=, databaseEnabled=false, handlesAlerts=true, version=64.0.3282.186, browserConnectionEnabled=false, nativeEvents=true, locationContextEnabled=true, cssSelectorsEnabled=true}]
Session ID: 25dd29769a1434bce215fd9e9e258388
*** Element info: {Using=xpath, value=//a[contains(text(),'Forgot account')]123}<br/>
</div>
</td>
<td><div><pre>java.lang.AssertionError: expected [false] but found [true]
	at com.amtrak.Amtrak.addtoCart.VerifyFacebookTC001.verifyfacebooklink(VerifyFacebookTC001.java:47)
	at java.util.concurrent.ThreadPoolExecutor.runWorker(ThreadPoolExecutor.java:1149)
	at java.util.concurrent.ThreadPoolExecutor$Worker.run(ThreadPoolExecutor.java:624)
	at java.lang.Thread.run(Thread.java:748)
... Removed 16 stack frames</pre></div><a href='#' onClick='toggleBox("stack-trace1640332679", this, "Click to show all stack frames", "Click to hide stack frames")'>Click to show all stack frames</a>
<div class='stack-trace' id='stack-trace1640332679'><pre>java.lang.AssertionError: expected [false] but found [true]
	at org.testng.Assert.fail(Assert.java:94)
	at org.testng.Assert.failNotEquals(Assert.java:513)
	at org.testng.Assert.assertEqualsImpl(Assert.java:135)
	at org.testng.Assert.assertEquals(Assert.java:116)
	at org.testng.Assert.assertEquals(Assert.java:305)
	at org.testng.Assert.assertEquals(Assert.java:315)
	at com.amtrak.Amtrak.addtoCart.VerifyFacebookTC001.verifyfacebooklink(VerifyFacebookTC001.java:47)
	at sun.reflect.NativeMethodAccessorImpl.invoke0(Native Method)
	at sun.reflect.NativeMethodAccessorImpl.invoke(NativeMethodAccessorImpl.java:62)
	at sun.reflect.DelegatingMethodAccessorImpl.invoke(DelegatingMethodAccessorImpl.java:43)
	at java.lang.reflect.Method.invoke(Method.java:498)
	at org.testng.internal.MethodInvocationHelper.invokeMethod(MethodInvocationHelper.java:86)
	at org.testng.internal.Invoker.invokeMethod(Invoker.java:643)
	at org.testng.internal.Invoker.invokeTestMethod(Invoker.java:820)
	at org.testng.internal.Invoker.invokeTestMethods(Invoker.java:1128)
	at org.testng.internal.TestMethodWorker.invokeTestMethods(TestMethodWorker.java:129)
	at org.testng.internal.TestMethodWorker.run(TestMethodWorker.java:112)
	at java.util.concurrent.ThreadPoolExecutor.runWorker(ThreadPoolExecutor.java:1149)
	at java.util.concurrent.ThreadPoolExecutor$Worker.run(ThreadPoolExecutor.java:624)
	at java.lang.Thread.run(Thread.java:748)
</pre></div></td>
<td>7</td>
<td>com.amtrak.Amtrak.addtoCart.VerifyFacebookTC001@617faa95</td></tr>
</table><p>
</body>
</html>